2024-07-02 17:11:53,001 INFO o.a.j.u.JMeterUtils: Setting Locale to en_EN
2024-07-02 17:11:53,154 INFO o.a.j.JMeter: Loading user properties from: user.properties
2024-07-02 17:11:53,169 INFO o.a.j.JMeter: Loading system properties from: system.properties
2024-07-02 17:11:53,199 INFO o.a.j.JMeter: Copyright (c) 1998-2024 The Apache Software Foundation
2024-07-02 17:11:53,199 INFO o.a.j.JMeter: Version 5.6.3
2024-07-02 17:11:53,199 INFO o.a.j.JMeter: java.version=22
2024-07-02 17:11:53,199 INFO o.a.j.JMeter: java.vm.name=Java HotSpot(TM) 64-Bit Server VM
2024-07-02 17:11:53,200 INFO o.a.j.JMeter: os.name=Windows 10
2024-07-02 17:11:53,200 INFO o.a.j.JMeter: os.arch=amd64
2024-07-02 17:11:53,200 INFO o.a.j.JMeter: os.version=10.0
2024-07-02 17:11:53,200 INFO o.a.j.JMeter: file.encoding=UTF-8
2024-07-02 17:11:53,201 INFO o.a.j.JMeter: java.awt.headless=null
2024-07-02 17:11:53,201 INFO o.a.j.JMeter: Max memory     =1073741824
2024-07-02 17:11:53,201 INFO o.a.j.JMeter: Available Processors =4
2024-07-02 17:11:53,271 INFO o.a.j.JMeter: Default Locale=English (EN)
2024-07-02 17:11:53,272 INFO o.a.j.JMeter: JMeter  Locale=English (EN)
2024-07-02 17:11:53,272 INFO o.a.j.JMeter: JMeterHome=C:\Users\P10\Desktop\Navami\JM\apache-jmeter-5.6.3
2024-07-02 17:11:53,272 INFO o.a.j.JMeter: user.dir  =C:\Users\P10\Desktop\Navami\JM\apache-jmeter-5.6.3\bin
2024-07-02 17:11:53,273 INFO o.a.j.JMeter: PWD       =C:\Users\P10\Desktop\Navami\JM\apache-jmeter-5.6.3\bin
2024-07-02 17:11:53,274 INFO o.a.j.JMeter: IP: 10.0.0.236 Name: DESKTOP-HLEIJRK FullName: DESKTOP-HLEIJRK
2024-07-02 17:11:53,355 INFO o.a.j.JMeter: Loaded icon properties from org/apache/jmeter/images/icon.properties
2024-07-02 17:11:54,301 INFO o.a.j.JMeterGuiLauncher: Setting LAF to: com.github.weisj.darklaf.DarkLaf:com.github.weisj.darklaf.theme.DarculaTheme
2024-07-02 17:12:07,709 INFO o.a.j.s.FileServer: Default base='C:\Users\P10\Desktop\Navami\JM\apache-jmeter-5.6.3\bin'
2024-07-02 17:12:07,715 INFO o.a.j.g.a.Load: Loading file: C:\Users\P10\Desktop\Navami\JM\apache-jmeter-5.6.3\bin\Thread Group.jmx
2024-07-02 17:12:07,716 INFO o.a.j.s.FileServer: Set new base='C:\Users\P10\Desktop\Navami\JM\apache-jmeter-5.6.3\bin'
2024-07-02 17:12:08,133 INFO o.a.j.s.SaveService: Testplan (JMX) version: 2.2. Testlog (JTL) version: 2.2
2024-07-02 17:12:08,252 INFO o.a.j.s.SaveService: Using SaveService properties version 5.0
2024-07-02 17:12:08,256 INFO o.a.j.s.SaveService: Using SaveService properties file encoding UTF-8
2024-07-02 17:12:08,260 INFO o.a.j.s.SaveService: Loading file: C:\Users\P10\Desktop\Navami\JM\apache-jmeter-5.6.3\bin\Thread Group.jmx
2024-07-02 17:12:08,400 INFO o.a.j.p.h.s.HTTPSamplerBase: Parser for text/html is org.apache.jmeter.protocol.http.parser.LagartoBasedHtmlParser
2024-07-02 17:12:08,400 INFO o.a.j.p.h.s.HTTPSamplerBase: Parser for application/xhtml+xml is org.apache.jmeter.protocol.http.parser.LagartoBasedHtmlParser
2024-07-02 17:12:08,400 INFO o.a.j.p.h.s.HTTPSamplerBase: Parser for application/xml is org.apache.jmeter.protocol.http.parser.LagartoBasedHtmlParser
2024-07-02 17:12:08,400 INFO o.a.j.p.h.s.HTTPSamplerBase: Parser for text/xml is org.apache.jmeter.protocol.http.parser.LagartoBasedHtmlParser
2024-07-02 17:12:08,400 INFO o.a.j.p.h.s.HTTPSamplerBase: Parser for text/vnd.wap.wml is org.apache.jmeter.protocol.http.parser.RegexpHTMLParser
2024-07-02 17:12:08,400 INFO o.a.j.p.h.s.HTTPSamplerBase: Parser for text/css is org.apache.jmeter.protocol.http.parser.CssParser
2024-07-02 17:12:08,893 INFO o.a.j.s.SampleResult: Note: Sample TimeStamps are START times
2024-07-02 17:12:08,893 INFO o.a.j.s.SampleResult: sampleresult.default.encoding is set to UTF-8
2024-07-02 17:12:08,893 INFO o.a.j.s.SampleResult: sampleresult.useNanoTime=true
2024-07-02 17:12:08,893 INFO o.a.j.s.SampleResult: sampleresult.nanoThreadSleep=5000
2024-07-02 17:12:10,887 INFO o.a.j.s.FileServer: Set new base='C:\Users\P10\Desktop\Navami\JM\apache-jmeter-5.6.3\bin'
2024-07-02 17:12:11,414 INFO o.a.j.c.IncludeController: loadIncludedElements -- try to load included module: C:\Users\P10\Desktop\Navami\JM\apache-jmeter-5.6.3\bin\RegisterTF.jmx
2024-07-02 17:12:11,414 INFO o.a.j.s.SaveService: Loading file: C:\Users\P10\Desktop\Navami\JM\apache-jmeter-5.6.3\bin\RegisterTF.jmx
2024-07-02 17:12:11,433 INFO o.a.j.c.IncludeController: loadIncludedElements -- try to load included module: C:\Users\P10\Desktop\Navami\JM\apache-jmeter-5.6.3\bin\RegisterTF.jmx
2024-07-02 17:12:11,433 INFO o.a.j.s.SaveService: Loading file: C:\Users\P10\Desktop\Navami\JM\apache-jmeter-5.6.3\bin\RegisterTF.jmx
2024-07-02 17:12:11,822 INFO o.a.j.c.IncludeController: loadIncludedElements -- try to load included module: C:\Users\P10\Desktop\Navami\JM\apache-jmeter-5.6.3\bin\RegisterTF.jmx
2024-07-02 17:12:11,822 INFO o.a.j.s.SaveService: Loading file: C:\Users\P10\Desktop\Navami\JM\apache-jmeter-5.6.3\bin\RegisterTF.jmx
2024-07-02 17:12:11,824 INFO o.a.j.c.IncludeController: loadIncludedElements -- try to load included module: C:\Users\P10\Desktop\Navami\JM\apache-jmeter-5.6.3\bin\RegisterTF.jmx
2024-07-02 17:12:11,824 INFO o.a.j.s.SaveService: Loading file: C:\Users\P10\Desktop\Navami\JM\apache-jmeter-5.6.3\bin\RegisterTF.jmx
2024-07-02 17:12:21,347 INFO o.a.j.c.IncludeController: loadIncludedElements -- try to load included module: C:\Users\P10\Desktop\Navami\JM\apache-jmeter-5.6.3\bin\RegisterTF.jmx
2024-07-02 17:12:21,348 INFO o.a.j.s.SaveService: Loading file: C:\Users\P10\Desktop\Navami\JM\apache-jmeter-5.6.3\bin\RegisterTF.jmx
2024-07-02 17:12:21,349 INFO o.a.j.c.IncludeController: loadIncludedElements -- try to load included module: C:\Users\P10\Desktop\Navami\JM\apache-jmeter-5.6.3\bin\RegisterTF.jmx
2024-07-02 17:12:21,350 INFO o.a.j.s.SaveService: Loading file: C:\Users\P10\Desktop\Navami\JM\apache-jmeter-5.6.3\bin\RegisterTF.jmx
2024-07-02 17:12:21,360 INFO o.a.j.c.IncludeController: loadIncludedElements -- try to load included module: C:\Users\P10\Desktop\Navami\JM\apache-jmeter-5.6.3\bin\RegisterTF.jmx
2024-07-02 17:12:21,360 INFO o.a.j.s.SaveService: Loading file: C:\Users\P10\Desktop\Navami\JM\apache-jmeter-5.6.3\bin\RegisterTF.jmx
2024-07-02 17:12:21,362 INFO o.a.j.c.IncludeController: loadIncludedElements -- try to load included module: C:\Users\P10\Desktop\Navami\JM\apache-jmeter-5.6.3\bin\RegisterTF.jmx
2024-07-02 17:12:21,363 INFO o.a.j.s.SaveService: Loading file: C:\Users\P10\Desktop\Navami\JM\apache-jmeter-5.6.3\bin\RegisterTF.jmx
2024-07-02 17:12:21,368 INFO o.a.j.c.IncludeController: loadIncludedElements -- try to load included module: C:\Users\P10\Desktop\Navami\JM\apache-jmeter-5.6.3\bin\RegisterTF.jmx
2024-07-02 17:12:21,368 INFO o.a.j.s.SaveService: Loading file: C:\Users\P10\Desktop\Navami\JM\apache-jmeter-5.6.3\bin\RegisterTF.jmx
2024-07-02 17:12:21,370 INFO o.a.j.c.IncludeController: loadIncludedElements -- try to load included module: C:\Users\P10\Desktop\Navami\JM\apache-jmeter-5.6.3\bin\RegisterTF.jmx
2024-07-02 17:12:21,370 INFO o.a.j.s.SaveService: Loading file: C:\Users\P10\Desktop\Navami\JM\apache-jmeter-5.6.3\bin\RegisterTF.jmx
2024-07-02 17:12:21,393 INFO o.a.j.e.StandardJMeterEngine: Running the test!
2024-07-02 17:12:21,395 INFO o.a.j.s.SampleEvent: List of sample_variables: []
2024-07-02 17:12:21,395 INFO o.a.j.s.SampleEvent: List of sample_variables: []
2024-07-02 17:12:21,399 INFO o.a.j.e.u.CompoundVariable: Note: Function class names must contain the string: '.functions.'
2024-07-02 17:12:21,400 INFO o.a.j.e.u.CompoundVariable: Note: Function class names must not contain the string: '.gui.'
2024-07-02 17:12:21,606 INFO o.a.j.g.u.JMeterMenuBar: setRunning(true, *local*)
2024-07-02 17:12:21,697 INFO o.a.j.e.StandardJMeterEngine: Starting ThreadGroup: 1 : Thread Group
2024-07-02 17:12:21,697 INFO o.a.j.e.StandardJMeterEngine: Starting 50 threads for group Thread Group.
2024-07-02 17:12:21,697 INFO o.a.j.e.StandardJMeterEngine: Thread will continue on error
2024-07-02 17:12:21,698 INFO o.a.j.t.ThreadGroup: Starting thread group... number=1 threads=50 ramp-up=1 delayedStart=false
2024-07-02 17:12:21,729 INFO o.a.j.t.ThreadGroup: Started thread group number 1
2024-07-02 17:12:21,730 INFO o.a.j.e.StandardJMeterEngine: Starting ThreadGroup: 2 : Thread Group RedBus
2024-07-02 17:12:21,730 INFO o.a.j.e.StandardJMeterEngine: Starting 2 threads for group Thread Group RedBus.
2024-07-02 17:12:21,730 INFO o.a.j.e.StandardJMeterEngine: Thread will continue on error
2024-07-02 17:12:21,730 INFO o.a.j.t.ThreadGroup: Starting thread group... number=2 threads=2 ramp-up=1 delayedStart=false
2024-07-02 17:12:21,731 INFO o.a.j.t.ThreadGroup: Started thread group number 2
2024-07-02 17:12:21,731 INFO o.a.j.e.StandardJMeterEngine: Starting ThreadGroup: 3 : Thread Group Allegiant
2024-07-02 17:12:21,732 INFO o.a.j.e.StandardJMeterEngine: Starting 2 threads for group Thread Group Allegiant.
2024-07-02 17:12:21,732 INFO o.a.j.e.StandardJMeterEngine: Thread will continue on error
2024-07-02 17:12:21,732 INFO o.a.j.t.ThreadGroup: Starting thread group... number=3 threads=2 ramp-up=5 delayedStart=false
2024-07-02 17:12:21,733 INFO o.a.j.t.ThreadGroup: Started thread group number 3
2024-07-02 17:12:21,733 INFO o.a.j.e.StandardJMeterEngine: Starting ThreadGroup: 4 : RandomController
2024-07-02 17:12:21,734 INFO o.a.j.e.StandardJMeterEngine: Starting 1 threads for group RandomController.
2024-07-02 17:12:21,734 INFO o.a.j.e.StandardJMeterEngine: Thread will continue on error
2024-07-02 17:12:21,734 INFO o.a.j.t.ThreadGroup: Starting thread group... number=4 threads=1 ramp-up=1 delayedStart=false
2024-07-02 17:12:21,735 INFO o.a.j.t.ThreadGroup: Started thread group number 4
2024-07-02 17:12:21,735 INFO o.a.j.e.StandardJMeterEngine: Starting ThreadGroup: 5 : SimpleandModule
2024-07-02 17:12:21,735 INFO o.a.j.e.StandardJMeterEngine: Starting 1 threads for group SimpleandModule.
2024-07-02 17:12:21,735 INFO o.a.j.e.StandardJMeterEngine: Thread will continue on error
2024-07-02 17:12:21,735 INFO o.a.j.t.ThreadGroup: Starting thread group... number=5 threads=1 ramp-up=1 delayedStart=false
2024-07-02 17:12:21,736 INFO o.a.j.t.ThreadGroup: Started thread group number 5
2024-07-02 17:12:21,736 INFO o.a.j.e.StandardJMeterEngine: Starting ThreadGroup: 6 : Include
2024-07-02 17:12:21,737 INFO o.a.j.e.StandardJMeterEngine: Starting 1 threads for group Include.
2024-07-02 17:12:21,737 INFO o.a.j.e.StandardJMeterEngine: Thread will continue on error
2024-07-02 17:12:21,737 INFO o.a.j.t.ThreadGroup: Starting thread group... number=6 threads=1 ramp-up=1 delayedStart=false
2024-07-02 17:12:21,737 INFO o.a.j.c.IncludeController: loadIncludedElements -- try to load included module: C:\Users\P10\Desktop\Navami\JM\apache-jmeter-5.6.3\bin\RegisterTF.jmx
2024-07-02 17:12:21,737 INFO o.a.j.s.SaveService: Loading file: C:\Users\P10\Desktop\Navami\JM\apache-jmeter-5.6.3\bin\RegisterTF.jmx
2024-07-02 17:12:21,739 INFO o.a.j.c.IncludeController: loadIncludedElements -- try to load included module: C:\Users\P10\Desktop\Navami\JM\apache-jmeter-5.6.3\bin\RegisterTF.jmx
2024-07-02 17:12:21,739 INFO o.a.j.s.SaveService: Loading file: C:\Users\P10\Desktop\Navami\JM\apache-jmeter-5.6.3\bin\RegisterTF.jmx
2024-07-02 17:12:21,741 INFO o.a.j.t.ThreadGroup: Started thread group number 6
2024-07-02 17:12:21,741 INFO o.a.j.e.StandardJMeterEngine: Starting ThreadGroup: 7 : Throughput
2024-07-02 17:12:21,741 INFO o.a.j.e.StandardJMeterEngine: Starting 20 threads for group Throughput.
2024-07-02 17:12:21,741 INFO o.a.j.e.StandardJMeterEngine: Thread will continue on error
2024-07-02 17:12:21,742 INFO o.a.j.t.ThreadGroup: Starting thread group... number=7 threads=20 ramp-up=1 delayedStart=false
2024-07-02 17:12:21,756 INFO o.a.j.t.ThreadGroup: Started thread group number 7
2024-07-02 17:12:21,756 INFO o.a.j.e.StandardJMeterEngine: Starting ThreadGroup: 8 : ThroughputAllegiant
2024-07-02 17:12:21,757 INFO o.a.j.e.StandardJMeterEngine: Starting 30 threads for group ThroughputAllegiant.
2024-07-02 17:12:21,757 INFO o.a.j.e.StandardJMeterEngine: Thread will continue on error
2024-07-02 17:12:21,757 INFO o.a.j.t.ThreadGroup: Starting thread group... number=8 threads=30 ramp-up=1 delayedStart=false
2024-07-02 17:12:21,759 INFO o.a.j.t.JMeterThread: Thread started: Thread Group 1-1
2024-07-02 17:12:21,775 INFO o.a.j.t.ThreadGroup: Started thread group number 8
2024-07-02 17:12:21,775 INFO o.a.j.e.StandardJMeterEngine: All thread groups have been started
2024-07-02 17:12:21,796 INFO o.a.j.t.JMeterThread: Thread started: Thread Group 1-2
2024-07-02 17:12:21,808 INFO o.a.j.t.JMeterThread: Thread started: Thread Group Allegiant 3-1
2024-07-02 17:12:21,808 INFO o.a.j.t.JMeterThread: Thread started: Thread Group RedBus 2-1
2024-07-02 17:12:21,816 INFO o.a.j.t.JMeterThread: Thread started: Thread Group 1-3
2024-07-02 17:12:21,817 INFO o.a.j.t.JMeterThread: Thread started: RandomController 4-1
2024-07-02 17:12:21,825 INFO o.a.j.t.JMeterThread: Thread started: SimpleandModule 5-1
2024-07-02 17:12:21,832 INFO o.a.j.t.JMeterThread: Thread started: Include 6-1
2024-07-02 17:12:21,838 INFO o.a.j.t.JMeterThread: Thread started: Thread Group 1-4
2024-07-02 17:12:21,843 INFO o.a.j.t.JMeterThread: Thread started: Throughput 7-1
2024-07-02 17:12:21,849 INFO o.a.j.t.JMeterThread: Thread is done: Throughput 7-1
2024-07-02 17:12:21,849 INFO o.a.j.t.JMeterThread: Thread finished: Throughput 7-1
2024-07-02 17:12:21,860 INFO o.a.j.t.JMeterThread: Thread started: Thread Group 1-5
2024-07-02 17:12:21,871 INFO o.a.j.t.JMeterThread: Thread started: ThroughputAllegiant 8-1
2024-07-02 17:12:21,875 INFO o.a.j.t.JMeterThread: Thread is done: ThroughputAllegiant 8-1
2024-07-02 17:12:21,875 INFO o.a.j.t.JMeterThread: Thread finished: ThroughputAllegiant 8-1
2024-07-02 17:12:21,881 INFO o.a.j.t.JMeterThread: Thread started: Thread Group 1-6
2024-07-02 17:12:21,900 INFO o.a.j.t.JMeterThread: Thread started: Thread Group 1-7
2024-07-02 17:12:21,905 INFO o.a.j.t.JMeterThread: Thread started: Throughput 7-2
2024-07-02 17:12:21,909 INFO o.a.j.t.JMeterThread: Thread started: ThroughputAllegiant 8-2
2024-07-02 17:12:21,922 INFO o.a.j.t.JMeterThread: Thread started: Thread Group 1-8
2024-07-02 17:12:21,936 INFO o.a.j.t.JMeterThread: Thread started: ThroughputAllegiant 8-3
2024-07-02 17:12:21,943 INFO o.a.j.t.JMeterThread: Thread started: Thread Group 1-9
2024-07-02 17:12:21,946 INFO o.a.j.p.h.s.HTTPHCAbstractImpl: Local host = DESKTOP-HLEIJRK
2024-07-02 17:12:21,951 INFO o.a.j.t.JMeterThread: Thread started: Throughput 7-3
2024-07-02 17:12:21,961 INFO o.a.j.p.h.s.HTTPHC4Impl: HTTP request retry count = 0
2024-07-02 17:12:21,963 INFO o.a.j.t.JMeterThread: Thread started: Thread Group 1-10
2024-07-02 17:12:21,974 INFO o.a.j.t.JMeterThread: Thread started: ThroughputAllegiant 8-4
2024-07-02 17:12:21,984 INFO o.a.j.t.JMeterThread: Thread started: Thread Group 1-11
2024-07-02 17:12:21,999 INFO o.a.j.t.JMeterThread: Thread started: Throughput 7-4
2024-07-02 17:12:22,005 INFO o.a.j.t.JMeterThread: Thread started: Thread Group 1-12
2024-07-02 17:12:22,008 INFO o.a.j.t.JMeterThread: Thread started: ThroughputAllegiant 8-5
2024-07-02 17:12:22,013 INFO o.a.j.t.JMeterThread: Thread is done: ThroughputAllegiant 8-5
2024-07-02 17:12:22,013 INFO o.a.j.t.JMeterThread: Thread finished: ThroughputAllegiant 8-5
2024-07-02 17:12:22,022 INFO o.a.j.t.JMeterThread: Thread started: Thread Group 1-13
2024-07-02 17:12:22,043 INFO o.a.j.t.JMeterThread: Thread started: Thread Group 1-14
2024-07-02 17:12:22,045 INFO o.a.j.t.JMeterThread: Thread started: ThroughputAllegiant 8-6
2024-07-02 17:12:22,050 INFO o.a.j.t.JMeterThread: Thread started: Throughput 7-5
2024-07-02 17:12:22,050 INFO o.a.j.t.JMeterThread: Thread is done: Throughput 7-5
2024-07-02 17:12:22,051 INFO o.a.j.t.JMeterThread: Thread finished: Throughput 7-5
2024-07-02 17:12:22,058 INFO o.a.j.t.JMeterThread: Thread started: Thread Group 1-15
2024-07-02 17:12:22,073 INFO o.a.j.t.JMeterThread: Thread started: ThroughputAllegiant 8-7
2024-07-02 17:12:22,073 INFO o.a.j.t.JMeterThread: Thread is done: ThroughputAllegiant 8-7
2024-07-02 17:12:22,074 INFO o.a.j.t.JMeterThread: Thread finished: ThroughputAllegiant 8-7
2024-07-02 17:12:22,077 INFO o.a.j.t.JMeterThread: Thread started: Thread Group 1-16
2024-07-02 17:12:22,101 INFO o.a.j.t.JMeterThread: Thread started: Thread Group 1-17
2024-07-02 17:12:22,107 INFO o.a.j.t.JMeterThread: Thread started: Throughput 7-6
2024-07-02 17:12:22,113 INFO o.a.j.t.JMeterThread: Thread started: ThroughputAllegiant 8-8
2024-07-02 17:12:22,125 INFO o.a.j.t.JMeterThread: Thread started: Thread Group 1-18
2024-07-02 17:12:22,140 INFO o.a.j.t.JMeterThread: Thread started: Thread Group 1-19
2024-07-02 17:12:22,148 INFO o.a.j.t.JMeterThread: Thread started: ThroughputAllegiant 8-9
2024-07-02 17:12:22,156 INFO o.a.j.t.JMeterThread: Thread started: Throughput 7-7
2024-07-02 17:12:22,156 INFO o.a.j.t.JMeterThread: Thread is done: Throughput 7-7
2024-07-02 17:12:22,157 INFO o.a.j.t.JMeterThread: Thread finished: Throughput 7-7
2024-07-02 17:12:22,159 INFO o.a.j.t.JMeterThread: Thread started: Thread Group 1-20
2024-07-02 17:12:22,174 INFO o.a.j.t.JMeterThread: Thread started: Thread Group 1-21
2024-07-02 17:12:22,184 INFO o.a.j.t.JMeterThread: Thread started: ThroughputAllegiant 8-10
2024-07-02 17:12:22,194 INFO o.a.j.t.JMeterThread: Thread started: Thread Group 1-22
2024-07-02 17:12:22,205 INFO o.a.j.t.JMeterThread: Thread started: Throughput 7-8
2024-07-02 17:12:22,215 INFO o.a.j.t.JMeterThread: Thread started: ThroughputAllegiant 8-11
2024-07-02 17:12:22,216 INFO o.a.j.t.JMeterThread: Thread is done: ThroughputAllegiant 8-11
2024-07-02 17:12:22,216 INFO o.a.j.t.JMeterThread: Thread finished: ThroughputAllegiant 8-11
2024-07-02 17:12:22,217 INFO o.a.j.t.JMeterThread: Thread started: Thread Group 1-23
2024-07-02 17:12:22,237 INFO o.a.j.t.JMeterThread: Thread started: Thread Group 1-24
2024-07-02 17:12:22,247 INFO o.a.j.t.JMeterThread: Thread started: ThroughputAllegiant 8-12
2024-07-02 17:12:22,254 INFO o.a.j.t.JMeterThread: Thread started: Throughput 7-9
2024-07-02 17:12:22,256 INFO o.a.j.t.JMeterThread: Thread started: Thread Group 1-25
2024-07-02 17:12:22,278 INFO o.a.j.t.JMeterThread: Thread started: Thread Group 1-26
2024-07-02 17:12:22,281 INFO o.a.j.t.JMeterThread: Thread started: ThroughputAllegiant 8-13
2024-07-02 17:12:22,296 INFO o.a.j.t.JMeterThread: Thread started: Thread Group 1-27
2024-07-02 17:12:22,304 INFO o.a.j.t.JMeterThread: Thread started: Throughput 7-10
2024-07-02 17:12:22,308 INFO o.a.j.t.JMeterThread: Thread started: Thread Group RedBus 2-2
2024-07-02 17:12:22,312 INFO o.a.j.t.JMeterThread: Thread started: ThroughputAllegiant 8-14
2024-07-02 17:12:22,316 INFO o.a.j.t.JMeterThread: Thread started: Thread Group 1-28
2024-07-02 17:12:22,336 INFO o.a.j.t.JMeterThread: Thread started: Thread Group 1-29
2024-07-02 17:12:22,346 INFO o.a.j.t.JMeterThread: Thread started: ThroughputAllegiant 8-15
2024-07-02 17:12:22,346 INFO o.a.j.t.JMeterThread: Thread is done: ThroughputAllegiant 8-15
2024-07-02 17:12:22,347 INFO o.a.j.t.JMeterThread: Thread finished: ThroughputAllegiant 8-15
2024-07-02 17:12:22,355 INFO o.a.j.t.JMeterThread: Thread started: Throughput 7-11
2024-07-02 17:12:22,355 INFO o.a.j.t.JMeterThread: Thread started: Thread Group 1-30
2024-07-02 17:12:22,355 INFO o.a.j.t.JMeterThread: Thread is done: Throughput 7-11
2024-07-02 17:12:22,356 INFO o.a.j.t.JMeterThread: Thread finished: Throughput 7-11
2024-07-02 17:12:22,376 INFO o.a.j.t.JMeterThread: Thread started: Thread Group 1-31
2024-07-02 17:12:22,378 INFO o.a.j.t.JMeterThread: Thread started: ThroughputAllegiant 8-16
2024-07-02 17:12:22,395 INFO o.a.j.t.JMeterThread: Thread started: Thread Group 1-32
2024-07-02 17:12:22,403 INFO o.a.j.t.JMeterThread: Thread started: Throughput 7-12
2024-07-02 17:12:22,411 INFO o.a.j.t.JMeterThread: Thread started: ThroughputAllegiant 8-17
2024-07-02 17:12:22,411 INFO o.a.j.t.JMeterThread: Thread is done: ThroughputAllegiant 8-17
2024-07-02 17:12:22,411 INFO o.a.j.t.JMeterThread: Thread finished: ThroughputAllegiant 8-17
2024-07-02 17:12:22,415 INFO o.a.j.t.JMeterThread: Thread started: Thread Group 1-33
2024-07-02 17:12:22,435 INFO o.a.j.t.JMeterThread: Thread started: Thread Group 1-34
2024-07-02 17:12:22,443 INFO o.a.j.t.JMeterThread: Thread started: ThroughputAllegiant 8-18
2024-07-02 17:12:22,455 INFO o.a.j.t.JMeterThread: Thread started: Throughput 7-13
2024-07-02 17:12:22,456 INFO o.a.j.t.JMeterThread: Thread started: Thread Group 1-35
2024-07-02 17:12:22,475 INFO o.a.j.t.JMeterThread: Thread started: Thread Group 1-36
2024-07-02 17:12:22,478 INFO o.a.j.t.JMeterThread: Thread started: ThroughputAllegiant 8-19
2024-07-02 17:12:22,500 INFO o.a.j.t.JMeterThread: Thread started: Thread Group 1-37
2024-07-02 17:12:22,503 INFO o.a.j.t.JMeterThread: Thread started: Throughput 7-14
2024-07-02 17:12:22,509 INFO o.a.j.t.JMeterThread: Thread started: ThroughputAllegiant 8-20
2024-07-02 17:12:22,521 INFO o.a.j.t.JMeterThread: Thread started: Thread Group 1-38
2024-07-02 17:12:22,541 INFO o.a.j.t.JMeterThread: Thread started: Thread Group 1-39
2024-07-02 17:12:22,542 INFO o.a.j.t.JMeterThread: Thread started: ThroughputAllegiant 8-21
2024-07-02 17:12:22,543 INFO o.a.j.t.JMeterThread: Thread is done: ThroughputAllegiant 8-21
2024-07-02 17:12:22,543 INFO o.a.j.t.JMeterThread: Thread finished: ThroughputAllegiant 8-21
2024-07-02 17:12:22,554 INFO o.a.j.t.JMeterThread: Thread started: Throughput 7-15
2024-07-02 17:12:22,554 INFO o.a.j.t.JMeterThread: Thread is done: Throughput 7-15
2024-07-02 17:12:22,556 INFO o.a.j.t.JMeterThread: Thread finished: Throughput 7-15
2024-07-02 17:12:22,560 INFO o.a.j.t.JMeterThread: Thread started: Thread Group 1-40
2024-07-02 17:12:22,576 INFO o.a.j.t.JMeterThread: Thread started: ThroughputAllegiant 8-22
2024-07-02 17:12:22,581 INFO o.a.j.t.JMeterThread: Thread started: Thread Group 1-41
2024-07-02 17:12:22,601 INFO o.a.j.t.JMeterThread: Thread started: Thread Group 1-42
2024-07-02 17:12:22,611 INFO o.a.j.t.JMeterThread: Thread started: Throughput 7-16
2024-07-02 17:12:22,617 INFO o.a.j.t.JMeterThread: Thread started: ThroughputAllegiant 8-23
2024-07-02 17:12:22,621 INFO o.a.j.t.JMeterThread: Thread started: Thread Group 1-43
2024-07-02 17:12:22,639 INFO o.a.j.t.JMeterThread: Thread started: Thread Group 1-44
2024-07-02 17:12:22,642 INFO o.a.j.t.JMeterThread: Thread started: ThroughputAllegiant 8-24
2024-07-02 17:12:22,658 INFO o.a.j.t.JMeterThread: Thread started: Throughput 7-17
2024-07-02 17:12:22,660 INFO o.a.j.t.JMeterThread: Thread is done: Throughput 7-17
2024-07-02 17:12:22,661 INFO o.a.j.t.JMeterThread: Thread finished: Throughput 7-17
2024-07-02 17:12:22,663 INFO o.a.j.t.JMeterThread: Thread started: Thread Group 1-45
2024-07-02 17:12:22,677 INFO o.a.j.t.JMeterThread: Thread started: ThroughputAllegiant 8-25
2024-07-02 17:12:22,677 INFO o.a.j.t.JMeterThread: Thread is done: ThroughputAllegiant 8-25
2024-07-02 17:12:22,678 INFO o.a.j.t.JMeterThread: Thread finished: ThroughputAllegiant 8-25
2024-07-02 17:12:22,680 INFO o.a.j.t.JMeterThread: Thread started: Thread Group 1-46
2024-07-02 17:12:22,699 INFO o.a.j.t.JMeterThread: Thread started: Thread Group 1-47
2024-07-02 17:12:22,706 INFO o.a.j.t.JMeterThread: Thread started: Throughput 7-18
2024-07-02 17:12:22,709 INFO o.a.j.t.JMeterThread: Thread started: ThroughputAllegiant 8-26
2024-07-02 17:12:22,720 INFO o.a.j.t.JMeterThread: Thread started: Thread Group 1-48
2024-07-02 17:12:22,738 INFO o.a.j.t.JMeterThread: Thread started: Thread Group 1-49
2024-07-02 17:12:22,743 INFO o.a.j.t.JMeterThread: Thread started: ThroughputAllegiant 8-27
2024-07-02 17:12:22,745 INFO o.a.j.t.JMeterThread: Thread is done: ThroughputAllegiant 8-27
2024-07-02 17:12:22,746 INFO o.a.j.t.JMeterThread: Thread finished: ThroughputAllegiant 8-27
2024-07-02 17:12:22,758 INFO o.a.j.t.JMeterThread: Thread started: Throughput 7-19
2024-07-02 17:12:22,758 INFO o.a.j.t.JMeterThread: Thread started: Thread Group 1-50
2024-07-02 17:12:22,775 INFO o.a.j.t.JMeterThread: Thread started: ThroughputAllegiant 8-28
2024-07-02 17:12:22,806 INFO o.a.j.t.JMeterThread: Thread started: Throughput 7-20
2024-07-02 17:12:22,811 INFO o.a.j.t.JMeterThread: Thread started: ThroughputAllegiant 8-29
2024-07-02 17:12:22,841 INFO o.a.j.t.JMeterThread: Thread started: ThroughputAllegiant 8-30
2024-07-02 17:12:22,888 INFO o.a.j.p.h.s.h.LazyLayeredConnectionSocketFactory: Setting up HTTPS TrustAll Socket Factory
2024-07-02 17:12:22,911 INFO o.a.j.u.JsseSSLManager: Using default SSL protocol: TLS
2024-07-02 17:12:22,911 INFO o.a.j.u.JsseSSLManager: SSL session context: per-thread
2024-07-02 17:12:23,163 INFO o.a.j.u.SSLManager: JmeterKeyStore Location:  type JKS
2024-07-02 17:12:23,169 INFO o.a.j.u.SSLManager: KeyStore created OK
2024-07-02 17:12:23,169 WARN o.a.j.u.SSLManager: Keystore file not found, loading empty keystore
2024-07-02 17:12:24,329 INFO o.a.j.t.JMeterThread: Thread started: Thread Group Allegiant 3-2
2024-07-02 17:12:26,185 INFO o.a.j.t.JMeterThread: Thread is done: Thread Group 1-15
2024-07-02 17:12:26,185 INFO o.a.j.t.JMeterThread: Thread finished: Thread Group 1-15
2024-07-02 17:12:26,204 INFO o.a.j.t.JMeterThread: Thread is done: Thread Group 1-36
2024-07-02 17:12:26,205 INFO o.a.j.t.JMeterThread: Thread finished: Thread Group 1-36
2024-07-02 17:12:26,302 INFO o.a.j.t.JMeterThread: Thread is done: RandomController 4-1
2024-07-02 17:12:26,303 INFO o.a.j.t.JMeterThread: Thread finished: RandomController 4-1
2024-07-02 17:12:26,435 INFO o.a.j.t.JMeterThread: Thread is done: Thread Group 1-33
2024-07-02 17:12:26,435 INFO o.a.j.t.JMeterThread: Thread finished: Thread Group 1-33
2024-07-02 17:12:26,447 INFO o.a.j.t.JMeterThread: Thread is done: Thread Group 1-37
2024-07-02 17:12:26,448 INFO o.a.j.t.JMeterThread: Thread finished: Thread Group 1-37
2024-07-02 17:12:26,683 INFO o.a.j.t.JMeterThread: Thread is done: Thread Group 1-30
2024-07-02 17:12:26,684 INFO o.a.j.t.JMeterThread: Thread finished: Thread Group 1-30
2024-07-02 17:12:26,690 INFO o.a.j.t.JMeterThread: Thread is done: Thread Group 1-18
2024-07-02 17:12:26,691 INFO o.a.j.t.JMeterThread: Thread finished: Thread Group 1-18
2024-07-02 17:12:26,698 INFO o.a.j.t.JMeterThread: Thread is done: Thread Group 1-6
2024-07-02 17:12:26,698 INFO o.a.j.t.JMeterThread: Thread finished: Thread Group 1-6
2024-07-02 17:12:26,699 INFO o.a.j.t.JMeterThread: Thread is done: Thread Group 1-28
2024-07-02 17:12:26,699 INFO o.a.j.t.JMeterThread: Thread finished: Thread Group 1-28
2024-07-02 17:12:26,702 INFO o.a.j.t.JMeterThread: Thread is done: Thread Group 1-21
2024-07-02 17:12:26,702 INFO o.a.j.t.JMeterThread: Thread finished: Thread Group 1-21
2024-07-02 17:12:26,706 INFO o.a.j.t.JMeterThread: Thread is done: Thread Group 1-46
2024-07-02 17:12:26,706 INFO o.a.j.t.JMeterThread: Thread finished: Thread Group 1-46
2024-07-02 17:12:26,707 INFO o.a.j.t.JMeterThread: Thread is done: Thread Group 1-13
2024-07-02 17:12:26,708 INFO o.a.j.t.JMeterThread: Thread finished: Thread Group 1-13
2024-07-02 17:12:26,710 INFO o.a.j.t.JMeterThread: Thread is done: Thread Group 1-40
2024-07-02 17:12:26,710 INFO o.a.j.t.JMeterThread: Thread finished: Thread Group 1-40
2024-07-02 17:12:26,711 INFO o.a.j.t.JMeterThread: Thread is done: Thread Group 1-22
2024-07-02 17:12:26,711 INFO o.a.j.t.JMeterThread: Thread finished: Thread Group 1-22
2024-07-02 17:12:26,713 INFO o.a.j.t.JMeterThread: Thread is done: Thread Group 1-34
2024-07-02 17:12:26,713 INFO o.a.j.t.JMeterThread: Thread finished: Thread Group 1-34
2024-07-02 17:12:26,718 INFO o.a.j.t.JMeterThread: Thread is done: Thread Group 1-1
2024-07-02 17:12:26,718 INFO o.a.j.t.JMeterThread: Thread finished: Thread Group 1-1
2024-07-02 17:12:26,718 INFO o.a.j.t.JMeterThread: Thread is done: Thread Group 1-48
2024-07-02 17:12:26,718 INFO o.a.j.t.JMeterThread: Thread finished: Thread Group 1-48
2024-07-02 17:12:26,726 INFO o.a.j.t.JMeterThread: Thread is done: Thread Group 1-44
2024-07-02 17:12:26,727 INFO o.a.j.t.JMeterThread: Thread finished: Thread Group 1-44
2024-07-02 17:12:26,730 INFO o.a.j.t.JMeterThread: Thread is done: Thread Group 1-25
2024-07-02 17:12:26,730 INFO o.a.j.t.JMeterThread: Thread finished: Thread Group 1-25
2024-07-02 17:12:26,732 INFO o.a.j.t.JMeterThread: Thread is done: Thread Group 1-17
2024-07-02 17:12:26,732 INFO o.a.j.t.JMeterThread: Thread finished: Thread Group 1-17
2024-07-02 17:12:26,734 INFO o.a.j.t.JMeterThread: Thread is done: Thread Group 1-32
2024-07-02 17:12:26,735 INFO o.a.j.t.JMeterThread: Thread finished: Thread Group 1-32
2024-07-02 17:12:26,737 INFO o.a.j.t.JMeterThread: Thread is done: Thread Group 1-10
2024-07-02 17:12:26,737 INFO o.a.j.t.JMeterThread: Thread finished: Thread Group 1-10
2024-07-02 17:12:26,737 INFO o.a.j.t.JMeterThread: Thread is done: Thread Group 1-29
2024-07-02 17:12:26,739 INFO o.a.j.t.JMeterThread: Thread finished: Thread Group 1-29
2024-07-02 17:12:26,740 INFO o.a.j.t.JMeterThread: Thread is done: Thread Group 1-45
2024-07-02 17:12:26,741 INFO o.a.j.t.JMeterThread: Thread finished: Thread Group 1-45
2024-07-02 17:12:26,746 INFO o.a.j.t.JMeterThread: Thread is done: Thread Group 1-49
2024-07-02 17:12:26,746 INFO o.a.j.t.JMeterThread: Thread finished: Thread Group 1-49
2024-07-02 17:12:26,748 INFO o.a.j.t.JMeterThread: Thread is done: Thread Group 1-14
2024-07-02 17:12:26,748 INFO o.a.j.t.JMeterThread: Thread finished: Thread Group 1-14
2024-07-02 17:12:26,749 INFO o.a.j.t.JMeterThread: Thread is done: Thread Group 1-3
2024-07-02 17:12:26,749 INFO o.a.j.t.JMeterThread: Thread finished: Thread Group 1-3
2024-07-02 17:12:26,753 INFO o.a.j.t.JMeterThread: Thread is done: Thread Group 1-7
2024-07-02 17:12:26,753 INFO o.a.j.t.JMeterThread: Thread finished: Thread Group 1-7
2024-07-02 17:12:26,783 INFO o.a.j.t.JMeterThread: Thread is done: Thread Group 1-24
2024-07-02 17:12:26,783 INFO o.a.j.t.JMeterThread: Thread finished: Thread Group 1-24
2024-07-02 17:12:26,784 INFO o.a.j.t.JMeterThread: Thread is done: Thread Group 1-35
2024-07-02 17:12:26,785 INFO o.a.j.t.JMeterThread: Thread finished: Thread Group 1-35
2024-07-02 17:12:26,785 INFO o.a.j.t.JMeterThread: Thread is done: Thread Group 1-43
2024-07-02 17:12:26,785 INFO o.a.j.t.JMeterThread: Thread finished: Thread Group 1-43
2024-07-02 17:12:26,786 INFO o.a.j.t.JMeterThread: Thread is done: Thread Group 1-19
2024-07-02 17:12:26,786 INFO o.a.j.t.JMeterThread: Thread finished: Thread Group 1-19
2024-07-02 17:12:26,788 INFO o.a.j.t.JMeterThread: Thread is done: Thread Group 1-2
2024-07-02 17:12:26,788 INFO o.a.j.t.JMeterThread: Thread finished: Thread Group 1-2
2024-07-02 17:12:26,796 INFO o.a.j.t.JMeterThread: Thread is done: Thread Group 1-50
2024-07-02 17:12:26,796 INFO o.a.j.t.JMeterThread: Thread finished: Thread Group 1-50
2024-07-02 17:12:26,801 INFO o.a.j.t.JMeterThread: Thread is done: Thread Group 1-42
2024-07-02 17:12:26,801 INFO o.a.j.t.JMeterThread: Thread finished: Thread Group 1-42
2024-07-02 17:12:26,807 INFO o.a.j.t.JMeterThread: Thread is done: Thread Group 1-23
2024-07-02 17:12:26,808 INFO o.a.j.t.JMeterThread: Thread finished: Thread Group 1-23
2024-07-02 17:12:26,819 INFO o.a.j.t.JMeterThread: Thread is done: Thread Group 1-11
2024-07-02 17:12:26,819 INFO o.a.j.t.JMeterThread: Thread finished: Thread Group 1-11
2024-07-02 17:12:26,828 INFO o.a.j.t.JMeterThread: Thread is done: Thread Group 1-31
2024-07-02 17:12:26,828 INFO o.a.j.t.JMeterThread: Thread finished: Thread Group 1-31
2024-07-02 17:12:26,830 INFO o.a.j.t.JMeterThread: Thread is done: Thread Group 1-20
2024-07-02 17:12:26,831 INFO o.a.j.t.JMeterThread: Thread finished: Thread Group 1-20
2024-07-02 17:12:26,832 INFO o.a.j.t.JMeterThread: Thread is done: Thread Group 1-41
2024-07-02 17:12:26,832 INFO o.a.j.t.JMeterThread: Thread finished: Thread Group 1-41
2024-07-02 17:12:26,844 INFO o.a.j.t.JMeterThread: Thread is done: Thread Group 1-27
2024-07-02 17:12:26,845 INFO o.a.j.t.JMeterThread: Thread finished: Thread Group 1-27
2024-07-02 17:12:26,866 INFO o.a.j.t.JMeterThread: Thread is done: Thread Group 1-12
2024-07-02 17:12:26,866 INFO o.a.j.t.JMeterThread: Thread finished: Thread Group 1-12
2024-07-02 17:12:26,888 INFO o.a.j.t.JMeterThread: Thread is done: Thread Group 1-9
2024-07-02 17:12:26,888 INFO o.a.j.t.JMeterThread: Thread finished: Thread Group 1-9
2024-07-02 17:12:26,903 INFO o.a.j.t.JMeterThread: Thread is done: Thread Group 1-5
2024-07-02 17:12:26,903 INFO o.a.j.t.JMeterThread: Thread finished: Thread Group 1-5
2024-07-02 17:12:26,922 INFO o.a.j.t.JMeterThread: Thread is done: Thread Group 1-4
2024-07-02 17:12:26,922 INFO o.a.j.t.JMeterThread: Thread finished: Thread Group 1-4
2024-07-02 17:12:26,927 INFO o.a.j.t.JMeterThread: Thread is done: Thread Group 1-26
2024-07-02 17:12:26,927 INFO o.a.j.t.JMeterThread: Thread finished: Thread Group 1-26
2024-07-02 17:12:26,933 INFO o.a.j.t.JMeterThread: Thread is done: Thread Group 1-8
2024-07-02 17:12:26,933 INFO o.a.j.t.JMeterThread: Thread finished: Thread Group 1-8
2024-07-02 17:12:26,951 INFO o.a.j.t.JMeterThread: Thread is done: Thread Group 1-39
2024-07-02 17:12:26,951 INFO o.a.j.t.JMeterThread: Thread finished: Thread Group 1-39
2024-07-02 17:12:26,976 INFO o.a.j.t.JMeterThread: Thread is done: Thread Group 1-38
2024-07-02 17:12:26,976 INFO o.a.j.t.JMeterThread: Thread finished: Thread Group 1-38
2024-07-02 17:12:26,999 INFO o.a.j.t.JMeterThread: Thread is done: Thread Group 1-47
2024-07-02 17:12:27,000 INFO o.a.j.t.JMeterThread: Thread finished: Thread Group 1-47
2024-07-02 17:12:27,003 INFO o.a.j.t.JMeterThread: Thread is done: Thread Group 1-16
2024-07-02 17:12:27,004 INFO o.a.j.t.JMeterThread: Thread finished: Thread Group 1-16
2024-07-02 17:12:27,431 INFO o.a.j.t.JMeterThread: Thread is done: Thread Group RedBus 2-2
2024-07-02 17:12:27,432 INFO o.a.j.t.JMeterThread: Thread finished: Thread Group RedBus 2-2
2024-07-02 17:12:27,446 INFO o.a.j.t.JMeterThread: Thread is done: Thread Group RedBus 2-1
2024-07-02 17:12:27,446 INFO o.a.j.t.JMeterThread: Thread finished: Thread Group RedBus 2-1
2024-07-02 17:12:27,493 INFO o.a.j.t.JMeterThread: Thread is done: Include 6-1
2024-07-02 17:12:27,493 INFO o.a.j.t.JMeterThread: Thread finished: Include 6-1
2024-07-02 17:12:27,514 INFO o.a.j.t.JMeterThread: Thread is done: SimpleandModule 5-1
2024-07-02 17:12:27,514 INFO o.a.j.t.JMeterThread: Thread finished: SimpleandModule 5-1
2024-07-02 17:12:33,116 INFO o.a.j.t.JMeterThread: Thread is done: ThroughputAllegiant 8-20
2024-07-02 17:12:33,116 INFO o.a.j.t.JMeterThread: Thread finished: ThroughputAllegiant 8-20
2024-07-02 17:12:33,118 INFO o.a.j.t.JMeterThread: Thread is done: ThroughputAllegiant 8-13
2024-07-02 17:12:33,118 INFO o.a.j.t.JMeterThread: Thread finished: ThroughputAllegiant 8-13
2024-07-02 17:12:33,119 INFO o.a.j.t.JMeterThread: Thread is done: ThroughputAllegiant 8-3
2024-07-02 17:12:33,119 INFO o.a.j.t.JMeterThread: Thread finished: ThroughputAllegiant 8-3
2024-07-02 17:12:33,119 INFO o.a.j.t.JMeterThread: Thread is done: ThroughputAllegiant 8-14
2024-07-02 17:12:33,120 INFO o.a.j.t.JMeterThread: Thread finished: ThroughputAllegiant 8-14
2024-07-02 17:12:33,130 INFO o.a.j.t.JMeterThread: Thread is done: Throughput 7-13
2024-07-02 17:12:33,130 INFO o.a.j.t.JMeterThread: Thread finished: Throughput 7-13
2024-07-02 17:12:33,137 INFO o.a.j.t.JMeterThread: Thread is done: Throughput 7-4
2024-07-02 17:12:33,137 INFO o.a.j.t.JMeterThread: Thread finished: Throughput 7-4
2024-07-02 17:12:33,139 INFO o.a.j.t.JMeterThread: Thread is done: Throughput 7-9
2024-07-02 17:12:33,139 INFO o.a.j.t.JMeterThread: Thread finished: Throughput 7-9
2024-07-02 17:12:33,141 INFO o.a.j.t.JMeterThread: Thread is done: ThroughputAllegiant 8-19
2024-07-02 17:12:33,141 INFO o.a.j.t.JMeterThread: Thread finished: ThroughputAllegiant 8-19
2024-07-02 17:12:33,146 INFO o.a.j.t.JMeterThread: Thread is done: ThroughputAllegiant 8-9
2024-07-02 17:12:33,146 INFO o.a.j.t.JMeterThread: Thread finished: ThroughputAllegiant 8-9
2024-07-02 17:12:33,148 INFO o.a.j.t.JMeterThread: Thread is done: Throughput 7-10
2024-07-02 17:12:33,148 INFO o.a.j.t.JMeterThread: Thread finished: Throughput 7-10
2024-07-02 17:12:33,148 INFO o.a.j.t.JMeterThread: Thread is done: ThroughputAllegiant 8-10
2024-07-02 17:12:33,148 INFO o.a.j.t.JMeterThread: Thread finished: ThroughputAllegiant 8-10
2024-07-02 17:12:33,148 INFO o.a.j.t.JMeterThread: Thread is done: ThroughputAllegiant 8-23
2024-07-02 17:12:33,148 INFO o.a.j.t.JMeterThread: Thread finished: ThroughputAllegiant 8-23
2024-07-02 17:12:33,149 INFO o.a.j.t.JMeterThread: Thread is done: ThroughputAllegiant 8-4
2024-07-02 17:12:33,149 INFO o.a.j.t.JMeterThread: Thread finished: ThroughputAllegiant 8-4
2024-07-02 17:12:33,149 INFO o.a.j.t.JMeterThread: Thread is done: Throughput 7-3
2024-07-02 17:12:33,149 INFO o.a.j.t.JMeterThread: Thread is done: Throughput 7-14
2024-07-02 17:12:33,149 INFO o.a.j.t.JMeterThread: Thread finished: Throughput 7-3
2024-07-02 17:12:33,149 INFO o.a.j.t.JMeterThread: Thread finished: Throughput 7-14
2024-07-02 17:12:33,159 INFO o.a.j.t.JMeterThread: Thread is done: ThroughputAllegiant 8-24
2024-07-02 17:12:33,159 INFO o.a.j.t.JMeterThread: Thread finished: ThroughputAllegiant 8-24
2024-07-02 17:12:33,283 INFO o.a.j.t.JMeterThread: Thread is done: Throughput 7-19
2024-07-02 17:12:33,283 INFO o.a.j.t.JMeterThread: Thread finished: Throughput 7-19
2024-07-02 17:12:33,330 INFO o.a.j.t.JMeterThread: Thread is done: ThroughputAllegiant 8-29
2024-07-02 17:12:33,330 INFO o.a.j.t.JMeterThread: Thread is done: Throughput 7-20
2024-07-02 17:12:33,330 INFO o.a.j.t.JMeterThread: Thread finished: ThroughputAllegiant 8-29
2024-07-02 17:12:33,330 INFO o.a.j.t.JMeterThread: Thread finished: Throughput 7-20
2024-07-02 17:12:33,359 INFO o.a.j.t.JMeterThread: Thread is done: ThroughputAllegiant 8-30
2024-07-02 17:12:33,359 INFO o.a.j.t.JMeterThread: Thread finished: ThroughputAllegiant 8-30
2024-07-02 17:12:43,623 INFO o.a.j.t.JMeterThread: Thread is done: Throughput 7-8
2024-07-02 17:12:43,623 INFO o.a.j.t.JMeterThread: Thread finished: Throughput 7-8
2024-07-02 17:12:43,641 INFO o.a.j.t.JMeterThread: Thread is done: ThroughputAllegiant 8-16
2024-07-02 17:12:43,641 INFO o.a.j.t.JMeterThread: Thread is done: ThroughputAllegiant 8-18
2024-07-02 17:12:43,641 INFO o.a.j.t.JMeterThread: Thread finished: ThroughputAllegiant 8-18
2024-07-02 17:12:43,641 INFO o.a.j.t.JMeterThread: Thread finished: ThroughputAllegiant 8-16
2024-07-02 17:12:43,641 INFO o.a.j.t.JMeterThread: Thread is done: Throughput 7-16
2024-07-02 17:12:43,641 INFO o.a.j.t.JMeterThread: Thread finished: Throughput 7-16
2024-07-02 17:12:43,642 INFO o.a.j.t.JMeterThread: Thread is done: ThroughputAllegiant 8-22
2024-07-02 17:12:43,642 INFO o.a.j.t.JMeterThread: Thread finished: ThroughputAllegiant 8-22
2024-07-02 17:12:43,642 INFO o.a.j.t.JMeterThread: Thread is done: Throughput 7-12
2024-07-02 17:12:43,642 INFO o.a.j.t.JMeterThread: Thread is done: ThroughputAllegiant 8-8
2024-07-02 17:12:43,642 INFO o.a.j.t.JMeterThread: Thread finished: Throughput 7-12
2024-07-02 17:12:43,642 INFO o.a.j.t.JMeterThread: Thread finished: ThroughputAllegiant 8-8
2024-07-02 17:12:43,642 INFO o.a.j.t.JMeterThread: Thread is done: ThroughputAllegiant 8-12
2024-07-02 17:12:43,642 INFO o.a.j.t.JMeterThread: Thread finished: ThroughputAllegiant 8-12
2024-07-02 17:12:43,668 INFO o.a.j.t.JMeterThread: Thread is done: Throughput 7-2
2024-07-02 17:12:43,668 INFO o.a.j.t.JMeterThread: Thread is done: Throughput 7-6
2024-07-02 17:12:43,669 INFO o.a.j.t.JMeterThread: Thread finished: Throughput 7-2
2024-07-02 17:12:43,669 INFO o.a.j.t.JMeterThread: Thread finished: Throughput 7-6
2024-07-02 17:12:43,684 INFO o.a.j.t.JMeterThread: Thread is done: ThroughputAllegiant 8-2
2024-07-02 17:12:43,684 INFO o.a.j.t.JMeterThread: Thread is done: ThroughputAllegiant 8-6
2024-07-02 17:12:43,684 INFO o.a.j.t.JMeterThread: Thread finished: ThroughputAllegiant 8-2
2024-07-02 17:12:43,684 INFO o.a.j.t.JMeterThread: Thread finished: ThroughputAllegiant 8-6
2024-07-02 17:12:43,730 INFO o.a.j.t.JMeterThread: Thread is done: ThroughputAllegiant 8-26
2024-07-02 17:12:43,730 INFO o.a.j.t.JMeterThread: Thread finished: ThroughputAllegiant 8-26
2024-07-02 17:12:43,760 INFO o.a.j.t.JMeterThread: Thread is done: Throughput 7-18
2024-07-02 17:12:43,761 INFO o.a.j.t.JMeterThread: Thread finished: Throughput 7-18
2024-07-02 17:12:43,839 INFO o.a.j.t.JMeterThread: Thread is done: ThroughputAllegiant 8-28
2024-07-02 17:12:43,839 INFO o.a.j.t.JMeterThread: Thread finished: ThroughputAllegiant 8-28
2024-07-02 17:12:54,161 INFO o.a.j.t.JMeterThread: Thread is done: Thread Group Allegiant 3-1
2024-07-02 17:12:54,161 INFO o.a.j.t.JMeterThread: Thread finished: Thread Group Allegiant 3-1
2024-07-02 17:12:55,894 INFO o.a.j.t.JMeterThread: Thread is done: Thread Group Allegiant 3-2
2024-07-02 17:12:55,894 INFO o.a.j.t.JMeterThread: Thread finished: Thread Group Allegiant 3-2
2024-07-02 17:12:55,894 INFO o.a.j.e.StandardJMeterEngine: Notifying test listeners of end of test
2024-07-02 17:12:55,895 INFO o.a.j.g.u.JMeterMenuBar: setRunning(false, *local*)
2024-07-02 17:16:13,420 INFO o.a.j.c.IncludeController: loadIncludedElements -- try to load included module: C:\Users\P10\Desktop\Navami\JM\apache-jmeter-5.6.3\bin\RegisterTF.jmx
2024-07-02 17:16:13,420 INFO o.a.j.s.SaveService: Loading file: C:\Users\P10\Desktop\Navami\JM\apache-jmeter-5.6.3\bin\RegisterTF.jmx
2024-07-02 17:16:13,422 INFO o.a.j.c.IncludeController: loadIncludedElements -- try to load included module: C:\Users\P10\Desktop\Navami\JM\apache-jmeter-5.6.3\bin\RegisterTF.jmx
2024-07-02 17:16:13,422 INFO o.a.j.s.SaveService: Loading file: C:\Users\P10\Desktop\Navami\JM\apache-jmeter-5.6.3\bin\RegisterTF.jmx
